# JRE version: OpenJDK Runtime Environment (8.0_202-b03) (build 1.8.0_202-release-1483-b03)
# Java VM: OpenJDK 64-Bit Server VM (25.202-b03 mixed mode windows-amd64 compressed oops)
Heap:
 PSYoungGen      total 363520K, used 157888K [0x00000000e0000000, 0x00000000fb880000, 0x0000000100000000)
  eden space 285184K, 55% used [0x00000000e0000000,0x00000000e9a30128,0x00000000f1680000)
  from space 78336K, 0% used [0x00000000f6c00000,0x00000000f6c00000,0x00000000fb880000)
  to   space 82944K, 0% used [0x00000000f1680000,0x00000000f1680000,0x00000000f6780000)
 ParOldGen       total 293376K, used 52762K [0x00000000a0000000, 0x00000000b1e80000, 0x00000000e0000000)
  object space 293376K, 17% used [0x00000000a0000000,0x00000000a33869d0,0x00000000b1e80000)
 Metaspace       used 84628K, capacity 89562K, committed 91688K, reserved 1128448K
  class space    used 11234K, capacity 12419K, committed 12848K, reserved 1048576K
GC Heap History (10 events):
Event: 59.792 GC heap before
{Heap before GC invocations=20 (full 3):
 PSYoungGen      total 277504K, used 269370K [0x00000000e0000000, 0x00000000f5f00000, 0x0000000100000000)
  eden space 226816K, 97% used [0x00000000e0000000,0x00000000ed7c3960,0x00000000edd80000)
  from space 50688K, 95% used [0x00000000f1600000,0x00000000f454af38,0x00000000f4780000)
  to   space 57856K, 0% used [0x00000000edd80000,0x00000000edd80000,0x00000000f1600000)
 ParOldGen       total 293376K, used 69133K [0x00000000a0000000, 0x00000000b1e80000, 0x00000000e0000000)
  object space 293376K, 23% used [0x00000000a0000000,0x00000000a4383750,0x00000000b1e80000)
 Metaspace       used 78143K, capacity 83698K, committed 84008K, reserved 1122304K
  class space    used 10793K, capacity 12020K, committed 12080K, reserved 1048576K
Event: 59.835 GC heap after
Heap after GC invocations=20 (full 3):
 PSYoungGen      total 284672K, used 57842K [0x00000000e0000000, 0x00000000f9900000, 0x0000000100000000)
  eden space 226816K, 0% used [0x00000000e0000000,0x00000000e0000000,0x00000000edd80000)
  from space 57856K, 99% used [0x00000000edd80000,0x00000000f15fc880,0x00000000f1600000)
  to   space 80384K, 0% used [0x00000000f4a80000,0x00000000f4a80000,0x00000000f9900000)
 ParOldGen       total 293376K, used 105652K [0x00000000a0000000, 0x00000000b1e80000, 0x00000000e0000000)
  object space 293376K, 36% used [0x00000000a0000000,0x00000000a672d2b8,0x00000000b1e80000)
 Metaspace       used 78143K, capacity 83698K, committed 84008K, reserved 1122304K
  class space    used 10793K, capacity 12020K, committed 12080K, reserved 1048576K
}
Event: 61.205 GC heap before
{Heap before GC invocations=21 (full 3):
 PSYoungGen      total 284672K, used 284658K [0x00000000e0000000, 0x00000000f9900000, 0x0000000100000000)
  eden space 226816K, 100% used [0x00000000e0000000,0x00000000edd80000,0x00000000edd80000)
  from space 57856K, 99% used [0x00000000edd80000,0x00000000f15fc880,0x00000000f1600000)
  to   space 80384K, 0% used [0x00000000f4a80000,0x00000000f4a80000,0x00000000f9900000)
 ParOldGen       total 293376K, used 105652K [0x00000000a0000000, 0x00000000b1e80000, 0x00000000e0000000)
  object space 293376K, 36% used [0x00000000a0000000,0x00000000a672d2b8,0x00000000b1e80000)
 Metaspace       used 78242K, capacity 83816K, committed 84008K, reserved 1122304K
  class space    used 10807K, capacity 12057K, committed 12080K, reserved 1048576K
Event: 61.275 GC heap after
Heap after GC invocations=21 (full 3):
 PSYoungGen      total 325632K, used 78697K [0x00000000e0000000, 0x00000000fbc80000, 0x0000000100000000)
  eden space 245248K, 0% used [0x00000000e0000000,0x00000000e0000000,0x00000000eef80000)
  from space 80384K, 97% used [0x00000000f4a80000,0x00000000f975a5c8,0x00000000f9900000)
  to   space 93184K, 0% used [0x00000000eef80000,0x00000000eef80000,0x00000000f4a80000)
 ParOldGen       total 293376K, used 169968K [0x00000000a0000000, 0x00000000b1e80000, 0x00000000e0000000)
  object space 293376K, 57% used [0x00000000a0000000,0x00000000aa5fc208,0x00000000b1e80000)
 Metaspace       used 78242K, capacity 83816K, committed 84008K, reserved 1122304K
  class space    used 10807K, capacity 12057K, committed 12080K, reserved 1048576K
}
Event: 65.484 GC heap before
{Heap before GC invocations=22 (full 3):
 PSYoungGen      total 325632K, used 323945K [0x00000000e0000000, 0x00000000fbc80000, 0x0000000100000000)
  eden space 245248K, 100% used [0x00000000e0000000,0x00000000eef80000,0x00000000eef80000)
  from space 80384K, 97% used [0x00000000f4a80000,0x00000000f975a5c8,0x00000000f9900000)
  to   space 93184K, 0% used [0x00000000eef80000,0x00000000eef80000,0x00000000f4a80000)
 ParOldGen       total 293376K, used 169968K [0x00000000a0000000, 0x00000000b1e80000, 0x00000000e0000000)
  object space 293376K, 57% used [0x00000000a0000000,0x00000000aa5fc208,0x00000000b1e80000)
 Metaspace       used 78658K, capacity 84240K, committed 84392K, reserved 1122304K
  class space    used 10876K, capacity 12105K, committed 12208K, reserved 1048576K
Event: 65.500 GC heap after
Heap after GC invocations=22 (full 3):
 PSYoungGen      total 338432K, used 34877K [0x00000000e0000000, 0x00000000fc180000, 0x0000000100000000)
  eden space 245248K, 0% used [0x00000000e0000000,0x00000000e0000000,0x00000000eef80000)
  from space 93184K, 37% used [0x00000000eef80000,0x00000000f118f5c0,0x00000000f4a80000)
  to   space 87552K, 0% used [0x00000000f6c00000,0x00000000f6c00000,0x00000000fc180000)
 ParOldGen       total 293376K, used 169976K [0x00000000a0000000, 0x00000000b1e80000, 0x00000000e0000000)
  object space 293376K, 57% used [0x00000000a0000000,0x00000000aa5fe208,0x00000000b1e80000)
 Metaspace       used 78658K, capacity 84240K, committed 84392K, reserved 1122304K
  class space    used 10876K, capacity 12105K, committed 12208K, reserved 1048576K
}
Event: 3610.911 GC heap before
{Heap before GC invocations=23 (full 3):
 PSYoungGen      total 338432K, used 106643K [0x00000000e0000000, 0x00000000fc180000, 0x0000000100000000)
  eden space 245248K, 29% used [0x00000000e0000000,0x00000000e4615828,0x00000000eef80000)
  from space 93184K, 37% used [0x00000000eef80000,0x00000000f118f5c0,0x00000000f4a80000)
  to   space 87552K, 0% used [0x00000000f6c00000,0x00000000f6c00000,0x00000000fc180000)
 ParOldGen       total 293376K, used 169976K [0x00000000a0000000, 0x00000000b1e80000, 0x00000000e0000000)
  object space 293376K, 57% used [0x00000000a0000000,0x00000000aa5fe208,0x00000000b1e80000)
 Metaspace       used 82128K, capacity 87718K, committed 87976K, reserved 1124352K
  class space    used 11116K, capacity 12404K, committed 12464K, reserved 1048576K
Event: 3610.979 GC heap after
Heap after GC invocations=23 (full 3):
 PSYoungGen      total 363520K, used 36582K [0x00000000e0000000, 0x00000000fb880000, 0x0000000100000000)
  eden space 285184K, 0% used [0x00000000e0000000,0x00000000e0000000,0x00000000f1680000)
  from space 78336K, 46% used [0x00000000f6c00000,0x00000000f8fb9890,0x00000000fb880000)
  to   space 82944K, 0% used [0x00000000f1680000,0x00000000f1680000,0x00000000f6780000)
 ParOldGen       total 293376K, used 169984K [0x00000000a0000000, 0x00000000b1e80000, 0x00000000e0000000)
  object space 293376K, 57% used [0x00000000a0000000,0x00000000aa600208,0x00000000b1e80000)
 Metaspace       used 82128K, capacity 87718K, committed 87976K, reserved 1124352K
  class space    used 11116K, capacity 12404K, committed 12464K, reserved 1048576K
}
Event: 3610.979 GC heap before
{Heap before GC invocations=24 (full 4):
 PSYoungGen      total 363520K, used 36582K [0x00000000e0000000, 0x00000000fb880000, 0x0000000100000000)
  eden space 285184K, 0% used [0x00000000e0000000,0x00000000e0000000,0x00000000f1680000)
  from space 78336K, 46% used [0x00000000f6c00000,0x00000000f8fb9890,0x00000000fb880000)
  to   space 82944K, 0% used [0x00000000f1680000,0x00000000f1680000,0x00000000f6780000)
 ParOldGen       total 293376K, used 169984K [0x00000000a0000000, 0x00000000b1e80000, 0x00000000e0000000)
  object space 293376K, 57% used [0x00000000a0000000,0x00000000aa600208,0x00000000b1e80000)
 Metaspace       used 82128K, capacity 87718K, committed 87976K, reserved 1124352K
  class space    used 11116K, capacity 12404K, committed 12464K, reserved 1048576K
Event: 3611.267 GC heap after
Heap after GC invocations=24 (full 4):
 PSYoungGen      total 363520K, used 0K [0x00000000e0000000, 0x00000000fb880000, 0x0000000100000000)
  eden space 285184K, 0% used [0x00000000e0000000,0x00000000e0000000,0x00000000f1680000)
  from space 78336K, 0% used [0x00000000f6c00000,0x00000000f6c00000,0x00000000fb880000)
  to   space 82944K, 0% used [0x00000000f1680000,0x00000000f1680000,0x00000000f6780000)
 ParOldGen       total 293376K, used 52762K [0x00000000a0000000, 0x00000000b1e80000, 0x00000000e0000000)
  object space 293376K, 17% used [0x00000000a0000000,0x00000000a33869d0,0x00000000b1e80000)
 Metaspace       used 80967K, capacity 85208K, committed 87976K, reserved 1124352K
  class space    used 10813K, capacity 11842K, committed 12464K, reserved 1048576K
}

